mode: set
github.com/mcwarman/helm-to-hcl/main.go:28.13,35.2 5 1
github.com/mcwarman/helm-to-hcl/main.go:37.13,38.15 1 0
github.com/mcwarman/helm-to-hcl/main.go:43.2,43.18 1 0
github.com/mcwarman/helm-to-hcl/main.go:48.2,49.18 2 0
github.com/mcwarman/helm-to-hcl/main.go:69.2,70.16 2 0
github.com/mcwarman/helm-to-hcl/main.go:75.2,76.16 2 0
github.com/mcwarman/helm-to-hcl/main.go:81.2,81.19 1 0
github.com/mcwarman/helm-to-hcl/main.go:38.15,41.3 2 0
github.com/mcwarman/helm-to-hcl/main.go:43.18,46.3 2 0
github.com/mcwarman/helm-to-hcl/main.go:49.18,51.17 2 0
github.com/mcwarman/helm-to-hcl/main.go:55.3,55.45 1 0
github.com/mcwarman/helm-to-hcl/main.go:59.3,59.18 1 0
github.com/mcwarman/helm-to-hcl/main.go:51.17,54.4 2 0
github.com/mcwarman/helm-to-hcl/main.go:55.45,58.4 2 0
github.com/mcwarman/helm-to-hcl/main.go:60.8,63.17 3 0
github.com/mcwarman/helm-to-hcl/main.go:63.17,66.4 2 0
github.com/mcwarman/helm-to-hcl/main.go:70.16,73.3 2 0
github.com/mcwarman/helm-to-hcl/main.go:76.16,79.3 2 0
github.com/mcwarman/helm-to-hcl/main.go:81.19,83.3 1 0
github.com/mcwarman/helm-to-hcl/main.go:83.8,85.17 2 0
github.com/mcwarman/helm-to-hcl/main.go:85.17,88.4 2 0
github.com/mcwarman/helm-to-hcl/main.go:92.46,95.16 3 1
github.com/mcwarman/helm-to-hcl/main.go:99.2,118.26 18 1
github.com/mcwarman/helm-to-hcl/main.go:95.16,97.3 1 1
github.com/mcwarman/helm-to-hcl/main.go:121.50,123.25 2 1
github.com/mcwarman/helm-to-hcl/main.go:173.2,173.21 1 1
github.com/mcwarman/helm-to-hcl/main.go:123.25,127.33 2 1
github.com/mcwarman/helm-to-hcl/main.go:129.26,131.91 2 1
github.com/mcwarman/helm-to-hcl/main.go:132.22,135.18 3 1
github.com/mcwarman/helm-to-hcl/main.go:152.4,152.22 1 1
github.com/mcwarman/helm-to-hcl/main.go:154.22,158.18 3 1
github.com/mcwarman/helm-to-hcl/main.go:163.4,163.22 1 1
github.com/mcwarman/helm-to-hcl/main.go:165.12,165.12 0 0
github.com/mcwarman/helm-to-hcl/main.go:167.11,168.54 1 0
github.com/mcwarman/helm-to-hcl/main.go:135.18,136.28 1 1
github.com/mcwarman/helm-to-hcl/main.go:149.5,150.49 2 1
github.com/mcwarman/helm-to-hcl/main.go:136.28,137.30 1 1
github.com/mcwarman/helm-to-hcl/main.go:138.25,143.55 5 1
github.com/mcwarman/helm-to-hcl/main.go:144.14,146.67 2 1
github.com/mcwarman/helm-to-hcl/main.go:158.18,162.5 3 1
github.com/mcwarman/helm-to-hcl/main.go:176.45,177.27 1 1
github.com/mcwarman/helm-to-hcl/main.go:178.17,179.30 1 1
github.com/mcwarman/helm-to-hcl/main.go:180.14,181.32 1 1
github.com/mcwarman/helm-to-hcl/main.go:182.11,183.12 1 1
github.com/mcwarman/helm-to-hcl/main.go:184.10,187.12 2 0
github.com/mcwarman/helm-to-hcl/main.go:191.52,193.2 1 1
github.com/mcwarman/helm-to-hcl/main.go:195.35,197.24 2 1
github.com/mcwarman/helm-to-hcl/main.go:197.24,199.3 1 1
github.com/mcwarman/helm-to-hcl/main.go:199.8,201.3 1 1
